Using pre-set license

 COMMAND LINE ARGUMENTS:
/Applications/2020.3.15f2/Unity.app/Contents/MacOS/Unity
-adb2
-batchMode
-noUpm
-name
AssetImportWorker0
-projectPath
/Volumes/WORKPLACE/UNITY WORKPLACE/TEST/ROLLING BALL 2020.3.15
-logFile
Logs/AssetImportWorker0.log
-srvPort
58407
Successfully changed project path to: /Volumes/WORKPLACE/UNITY WORKPLACE/TEST/ROLLING BALL 2020.3.15
/Volumes/WORKPLACE/UNITY WORKPLACE/TEST/ROLLING BALL 2020.3.15
Using Asset Import Pipeline V2.
Refreshing native plugins compatible for Editor in 62.25 ms, found 2 plugins.
Preloading 0 native plugins for Editor in 0.00 ms.
Initialize engine version: 2020.3.15f2 (6cf78cb77498)
[Subsystems] Discovering subsystems at path /Applications/2020.3.15f2/Unity.app/Contents/Resources/UnitySubsystems
[Subsystems] Discovering subsystems at path /Volumes/WORKPLACE/UNITY WORKPLACE/TEST/ROLLING BALL 2020.3.15/Assets
GfxDevice: creating device client; threaded=0
2022-08-15 21:39:26.656 Unity[6638:207168] DELL U2518D preferred device: AMD Radeon RX 570 (high power)
2022-08-15 21:39:26.656 Unity[6638:207168] Metal devices available: 1
2022-08-15 21:39:26.656 Unity[6638:207168] 0: AMD Radeon RX 570 (high power)
2022-08-15 21:39:26.657 Unity[6638:207168] Using device AMD Radeon RX 570 (high power)
Initializing Metal device caps: AMD Radeon RX 570
Initialize mono
Mono path[0] = '/Applications/2020.3.15f2/Unity.app/Contents/Managed'
Mono path[1] = '/Applications/2020.3.15f2/Unity.app/Contents/MonoBleedingEdge/lib/mono/unityjit'
Mono config path = '/Applications/2020.3.15f2/Unity.app/Contents/MonoBleedingEdge/etc'
Using monoOptions --debugger-agent=transport=dt_socket,embedding=1,server=y,suspend=n,address=127.0.0.1:56638
Begin MonoManager ReloadAssembly
Registering precompiled unity dll's ...
Register platform support module: /Applications/2020.3.15f2/PlaybackEngines/WebGLSupport/UnityEditor.WebGL.Extensions.dll
Register platform support module: /Applications/2020.3.15f2/Unity.app/Contents/PlaybackEngines/MacStandaloneSupport/UnityEditor.OSXStandalone.Extensions.dll
Register platform support module: /Applications/2020.3.15f2/PlaybackEngines/WindowsStandaloneSupport/UnityEditor.WindowsStandalone.Extensions.dll
Registered in 0.000945 seconds.
Native extension for WindowsStandalone target not found
Native extension for OSXStandalone target not found
Native extension for WebGL target not found
Refreshing native plugins compatible for Editor in 63.68 ms, found 2 plugins.
Preloading 0 native plugins for Editor in 0.00 ms.
Mono: successfully reloaded assembly
- Completed reload, in  4.776 seconds
Domain Reload Profiling:
	ReloadAssembly (4776ms)
		BeginReloadAssembly (55ms)
			ExecutionOrderSort (0ms)
			DisableScriptedObjects (0ms)
			BackupInstance (0ms)
			ReleaseScriptingObjects (0ms)
			CreateAndSetChildDomain (1ms)
		EndReloadAssembly (737ms)
			LoadAssemblies (54ms)
			RebuildTransferFunctionScriptingTraits (0ms)
			SetupTypeCache (271ms)
			ReleaseScriptCaches (0ms)
			RebuildScriptCaches (52ms)
			SetupLoadedEditorAssemblies (327ms)
				LogAssemblyErrors (0ms)
				InitializePlatformSupportModulesInManaged (6ms)
				SetLoadedEditorAssemblies (0ms)
				RefreshPlugins (64ms)
				BeforeProcessingInitializeOnLoad (33ms)
				ProcessInitializeOnLoadAttributes (189ms)
				ProcessInitializeOnLoadMethodAttributes (35ms)
				AfterProcessingInitializeOnLoad (0ms)
				EditorAssembliesLoaded (0ms)
			ExecutionOrderSort2 (0ms)
			AwakeInstancesAfterBackupRestoration (0ms)
Platform modules already initialized, skipping
Registering precompiled user dll's ...
Registered in 0.004270 seconds.
Begin MonoManager ReloadAssembly
Native extension for WindowsStandalone target not found
Native extension for OSXStandalone target not found
Native extension for WebGL target not found
Refreshing native plugins compatible for Editor in 0.84 ms, found 2 plugins.
Preloading 0 native plugins for Editor in 0.00 ms.
Mono: successfully reloaded assembly
- Completed reload, in  2.280 seconds
Domain Reload Profiling:
	ReloadAssembly (2282ms)
		BeginReloadAssembly (272ms)
			ExecutionOrderSort (0ms)
			DisableScriptedObjects (6ms)
			BackupInstance (0ms)
			ReleaseScriptingObjects (0ms)
			CreateAndSetChildDomain (41ms)
		EndReloadAssembly (1921ms)
			LoadAssemblies (103ms)
			RebuildTransferFunctionScriptingTraits (0ms)
			SetupTypeCache (570ms)
			ReleaseScriptCaches (1ms)
			RebuildScriptCaches (69ms)
			SetupLoadedEditorAssemblies (1007ms)
				LogAssemblyErrors (0ms)
				InitializePlatformSupportModulesInManaged (10ms)
				SetLoadedEditorAssemblies (1ms)
				RefreshPlugins (1ms)
				BeforeProcessingInitializeOnLoad (110ms)
				ProcessInitializeOnLoadAttributes (811ms)
				ProcessInitializeOnLoadMethodAttributes (72ms)
				AfterProcessingInitializeOnLoad (2ms)
				EditorAssembliesLoaded (0ms)
			ExecutionOrderSort2 (0ms)
			AwakeInstancesAfterBackupRestoration (7ms)
Platform modules already initialized, skipping
========================================================================
Worker process is ready to serve import requests
Launching external process: /Applications/2020.3.15f2/Unity.app/Contents/Tools/UnityShaderCompiler
Launched and connected shader compiler UnityShaderCompiler after 0.01 seconds
Refreshing native plugins compatible for Editor in 0.87 ms, found 2 plugins.
Preloading 0 native plugins for Editor in 0.00 ms.
Unloading 1909 Unused Serialized files (Serialized files now loaded: 0)
System memory in use before: 174.1 MB.
System memory in use after: 174.2 MB.

Unloading 92 unused Assets to reduce memory usage. Loaded Objects now: 2296.
Total: 8.076060 ms (FindLiveObjects: 0.278444 ms CreateObjectMapping: 0.108297 ms MarkObjects: 7.551392 ms  DeleteObjects: 0.136743 ms)

AssetImportParameters requested are different than current active one (requested -> active):
  custom:video-decoder-ogg-theora: a1e56fd34408186e4bbccfd4996cb3dc -> 
  custom:container-muxer-webm: aa71ff27fc2769a1b78a27578f13a17b -> 
  custom:container-demuxer-webm: 4f35f7cbe854078d1ac9338744f61a02 -> 
  custom:container-demuxer-ogg: 62fdf1f143b41e24485cea50d1cbac27 -> 
  custom:video-encoder-webm-vp8: eb34c28f22e8b96e1ab97ce403110664 -> 
  custom:framework-osx-AVFoundation: b23960f63f64bdc6ff669e2cdcee2391 -> 
  custom:video-decoder-webm-vp8: 9c59270c3fd7afecdb556c50c9e8de78 -> 
  custom:audio-decoder-ogg-vorbis: bf7c407c2cedff20999df2af8eb42d56 -> 
  custom:audio-encoder-webm-vorbis: bf7c407c2cedff20999df2af8eb42d56 -> 
========================================================================
Received Import Request.
  path: Assets/ROLLING BALL 3D/_Scene/Flash.unity
  artifactKey: Guid(9418e754e788c5a458c1f9f157af469a) Importer(815301076,1909f56bfc062723c751e8b465ee728b)
Start importing Assets/ROLLING BALL 3D/_Scene/Flash.unity using Guid(9418e754e788c5a458c1f9f157af469a) Importer(815301076,1909f56bfc062723c751e8b465ee728b)  -> (artifact id: '55d88dc8982417c7330f3662d23ea0a2') in 0.025112 seconds 
  Import took 0.028199 seconds .

========================================================================
Received Import Request.
  Time since last request: 0.000287 seconds.
  path: Assets/ROLLING BALL 3D
  artifactKey: Guid(98f389a3e5f534ffa8254556250383b9) Importer(815301076,1909f56bfc062723c751e8b465ee728b)
Start importing Assets/ROLLING BALL 3D using Guid(98f389a3e5f534ffa8254556250383b9) Importer(815301076,1909f56bfc062723c751e8b465ee728b)  -> (artifact id: '69c2b0bfef22dc2f275f758aeff0b398') in 0.000972 seconds 
  Import took 0.003947 seconds .

========================================================================
Received Import Request.
  Time since last request: 0.000162 seconds.
  path: Assets/ROLLING BALL 3D/_Scene
  artifactKey: Guid(55b080e41a9fe994995f850e23580836) Importer(815301076,1909f56bfc062723c751e8b465ee728b)
Start importing Assets/ROLLING BALL 3D/_Scene using Guid(55b080e41a9fe994995f850e23580836) Importer(815301076,1909f56bfc062723c751e8b465ee728b)  -> (artifact id: '2b8866ce1cb9660b3ec850d2740f372b') in 0.000768 seconds 
  Import took 0.003381 seconds .

========================================================================
Received Import Request.
  Time since last request: 0.650262 seconds.
  path: Assets/ROLLING BALL 3D/_Scene/Flash.unity
  artifactKey: Guid(9418e754e788c5a458c1f9f157af469a) Importer(815301076,1909f56bfc062723c751e8b465ee728b)
Start importing Assets/ROLLING BALL 3D/_Scene/Flash.unity using Guid(9418e754e788c5a458c1f9f157af469a) Importer(815301076,1909f56bfc062723c751e8b465ee728b)  -> (artifact id: '55d88dc8982417c7330f3662d23ea0a2') in 0.005964 seconds 
  Import took 0.009372 seconds .

========================================================================
Received Prepare
Refreshing native plugins compatible for Editor in 11.95 ms, found 2 plugins.
Preloading 0 native plugins for Editor in 0.00 ms.
Unloading 82 Unused Serialized files (Serialized files now loaded: 0)
System memory in use before: 138.8 MB.
System memory in use after: 138.9 MB.

Unloading 81 unused Assets to reduce memory usage. Loaded Objects now: 2296.
Total: 7.179383 ms (FindLiveObjects: 0.179167 ms CreateObjectMapping: 0.070633 ms MarkObjects: 6.896430 ms  DeleteObjects: 0.032379 ms)

AssetImportParameters requested are different than current active one (requested -> active):
  custom:video-decoder-ogg-theora: a1e56fd34408186e4bbccfd4996cb3dc -> 
  custom:container-muxer-webm: aa71ff27fc2769a1b78a27578f13a17b -> 
  custom:container-demuxer-webm: 4f35f7cbe854078d1ac9338744f61a02 -> 
  custom:container-demuxer-ogg: 62fdf1f143b41e24485cea50d1cbac27 -> 
  custom:video-encoder-webm-vp8: eb34c28f22e8b96e1ab97ce403110664 -> 
  custom:framework-osx-AVFoundation: b23960f63f64bdc6ff669e2cdcee2391 -> 
  custom:video-decoder-webm-vp8: 9c59270c3fd7afecdb556c50c9e8de78 -> 
  custom:audio-decoder-ogg-vorbis: bf7c407c2cedff20999df2af8eb42d56 -> 
  custom:audio-encoder-webm-vorbis: bf7c407c2cedff20999df2af8eb42d56 -> 
